0 verbose cli /usr/local/bin/node /usr/local/bin/npm
1 info using npm@10.2.5
2 info using node@v18.18.1
3 timing npm:load:whichnode Completed in 1ms
4 timing config:load:defaults Completed in 2ms
5 timing config:load:file:/usr/local/lib/node_modules/npm/npmrc Completed in 1ms
6 timing config:load:builtin Completed in 1ms
7 timing config:load:cli Completed in 2ms
8 timing config:load:env Completed in 0ms
9 timing config:load:file:/Users/clararubio/Desktop/FIB/TFG/medicat/.npmrc Completed in 0ms
10 timing config:load:project Completed in 4ms
11 timing config:load:file:/Users/clararubio/.npmrc Completed in 2ms
12 timing config:load:user Completed in 2ms
13 timing config:load:file:/usr/local/etc/npmrc Completed in 0ms
14 timing config:load:global Completed in 0ms
15 timing config:load:setEnvs Completed in 1ms
16 timing config:load Completed in 12ms
17 timing npm:load:configload Completed in 12ms
18 timing config:load:flatten Completed in 2ms
19 timing npm:load:mkdirpcache Completed in 3ms
20 timing npm:load:mkdirplogs Completed in 0ms
21 verbose title npm start
22 verbose argv "start"
23 timing npm:load:setTitle Completed in 27ms
24 timing npm:load:display Completed in 1ms
25 verbose logfile logs-max:10 dir:/Users/clararubio/Desktop/FIB/TFG/medicat/server/Desktop/FIB/4t/App/_logs/2024-03-16T21_01_55_143Z-
26 verbose logfile /Users/clararubio/Desktop/FIB/TFG/medicat/server/Desktop/FIB/4t/App/_logs/2024-03-16T21_01_55_143Z-debug-0.log
27 timing npm:load:logFile Completed in 10ms
28 timing npm:load:timers Completed in 0ms
29 timing npm:load:configScope Completed in 0ms
30 timing npm:load Completed in 70ms
31 silly logfile done cleaning log files
32 http fetch GET 200 https://registry.npmjs.org/npm 408ms
33 http fetch GET 200 https://registry.npmjs.org/npm 495ms
